2022-10-04T23:52:22.972890+1000 INFO Create file
2022-10-04T23:53:27.549535+1000 INFO Create file photo_my_photo.json
2022-10-04T23:55:46.679128+1000 INFO Create file my_photo.json
2022-10-05T00:52:36.465704+1000 INFO Create file photo_ilya.json
2022-10-10T22:32:41.368822+1000 INFO Get info all albums user 325379352
2022-10-10T22:33:11.163403+1000 INFO Create file Kto-to.json
2022-10-10T23:01:01.466871+1000 INFO Get info all albums user 325379352
2022-10-10T23:01:01.466871+1000 INFO Get info all albums user 325379352
2022-10-11T00:56:10.709368+1000 INFO Get info all albums user 325379352
2022-10-11T00:56:36.630353+1000 INFO Photo upload in ya_disc
2022-10-11T00:56:36.630353+1000 INFO Update file my_photo.json
2022-10-17T23:40:35.262441+1000 INFO Error: 5
2022-10-17T23:41:30.536744+1000 INFO Error: 5
2022-10-17T23:41:49.954159+1000 INFO Error: 5
2022-10-17T23:42:12.431593+1000 INFO Error: 5
2022-10-17T23:48:53.751986+1000 INFO Error: 5
2022-10-17T23:53:57.025631+1000 INFO Error: 100
2022-10-17T23:56:58.394633+1000 INFO Error: 15
2022-10-17T23:59:26.491615+1000 INFO Get info all albums user 1
2022-10-17T23:59:51.082931+1000 INFO Photo upload in ya_disc
2022-10-17T23:59:51.083935+1000 INFO Create file guru.json
